<?xml version="1.0" encoding="UTF-8"?>
<!-- Generated by org.testng.reporters.JUnitReportReporter -->
<testsuite hostname="welcome" name="com.test.HomePageTest" tests="2" failures="0" timestamp="18 Feb 2016 06:24:43 GMT" time="1.497" errors="0">
  <testcase name="testcountsocialIcons" time="0.033" classname="com.test.HomePageTest"/>
  <testcase name="testLoginClick" time="1.464" classname="com.test.HomePageTest"/>
</testsuite> <!-- com.test.HomePageTest -->
