<?xml version="1.0" encoding="UTF-8"?>
<!-- Generated by org.testng.reporters.JUnitReportReporter -->
<testsuite hostname="welcome" name="Test.pages.HomePageTest" tests="2" failures="0" timestamp="22 Feb 2016 07:57:28 GMT" time="1.468" errors="0">
  <testcase name="countSocialIcons" time="0.151" classname="Test.pages.HomePageTest"/>
  <testcase name="testloginClick" time="1.317" classname="Test.pages.HomePageTest"/>
</testsuite> <!-- Test.pages.HomePageTest -->
